24/04/2020 17:30:37 devpinoyLogger Navigated to http://prestashop-automation.qatestlab.com.ua/ru/
24/04/2020 17:30:39 devpinoyLogger The window is maximized
24/04/2020 17:30:39 devpinoyLogger ? is get as current currency
24/04/2020 17:30:39 devpinoyLogger ? is get as current currency
24/04/2020 17:30:39 devpinoyLogger ? is get as current currency
24/04/2020 17:30:39 devpinoyLogger ? is get as current currency
24/04/2020 17:30:40 devpinoyLogger ? is get as current currency
24/04/2020 17:30:40 devpinoyLogger ? is get as current currency
24/04/2020 17:30:40 devpinoyLogger ? is get as current currency
24/04/2020 17:30:41 devpinoyLogger The browser is left
24/04/2020 17:30:45 devpinoyLogger Navigated to http://prestashop-automation.qatestlab.com.ua/ru/
24/04/2020 17:30:48 devpinoyLogger The window is maximized
24/04/2020 17:30:48 devpinoyLogger The currency dropdown is expanded
24/04/2020 17:30:51 devpinoyLogger The USD currency is chosen
24/04/2020 17:30:51 devpinoyLogger dress word is entered to the search field
24/04/2020 17:30:52 devpinoyLogger The search by word is executed
24/04/2020 17:30:52 devpinoyLogger The number of search results is found
24/04/2020 17:30:52 devpinoyLogger The number of search results in the title is found
24/04/2020 17:30:52 devpinoyLogger $ is get as current currency
24/04/2020 17:30:52 devpinoyLogger $ is get as current currency
24/04/2020 17:30:52 devpinoyLogger $ is get as current currency
24/04/2020 17:30:52 devpinoyLogger $ is get as current currency
24/04/2020 17:30:52 devpinoyLogger $ is get as current currency
24/04/2020 17:30:52 devpinoyLogger $ is get as current currency
24/04/2020 17:30:52 devpinoyLogger $ is get as current currency
24/04/2020 17:30:52 devpinoyLogger Dropdown is expanded
24/04/2020 17:30:52 devpinoyLogger From high to low sort is chosen
24/04/2020 17:30:57 devpinoyLogger Displayed prices and discounts are compared
24/04/2020 17:30:57 devpinoyLogger The order of prices is checked
24/04/2020 17:30:57 devpinoyLogger Discounts are calculated
24/04/2020 17:30:58 devpinoyLogger The browser is left
