17:19:02,159 DEBUG devpinoyLogger:16 - Navigated to http://prestashop-automation.qatestlab.com.ua/ru/
17:19:04,301 DEBUG devpinoyLogger:18 - The window is maximized
17:19:04,399 DEBUG devpinoyLogger:44 - ? is get as current currency
17:19:04,450 DEBUG devpinoyLogger:44 - ? is get as current currency
17:19:04,483 DEBUG devpinoyLogger:44 - ? is get as current currency
17:19:04,513 DEBUG devpinoyLogger:44 - ? is get as current currency
17:19:04,546 DEBUG devpinoyLogger:44 - ? is get as current currency
17:19:04,578 DEBUG devpinoyLogger:44 - ? is get as current currency
17:19:04,609 DEBUG devpinoyLogger:44 - ? is get as current currency
17:19:04,640 DEBUG devpinoyLogger:44 - ? is get as current currency
17:19:05,290 DEBUG devpinoyLogger:32 - The browser is left
17:19:09,941 DEBUG devpinoyLogger:16 - Navigated to http://prestashop-automation.qatestlab.com.ua/ru/
17:19:12,068 DEBUG devpinoyLogger:18 - The window is maximized
17:19:12,149 DEBUG devpinoyLogger:54 - The currency dropdown is expanded
17:19:15,974 DEBUG devpinoyLogger:65 - The USD currency is chosen
17:19:16,079 DEBUG devpinoyLogger:49 - dress word is entered to the search field
17:19:17,312 DEBUG devpinoyLogger:49 - 7 search results are found
17:19:17,363 DEBUG devpinoyLogger:43 - [[ChromeDriver: chrome on WINDOWS (6259049efb84a63d0e10f34322e840e6)] -> xpath: //*[@class='col-md-6 hidden-sm-down total-products']//p] search results in the title
17:19:17,413 DEBUG devpinoyLogger:44 - $ is get as current currency
17:19:17,444 DEBUG devpinoyLogger:44 - $ is get as current currency
17:19:17,476 DEBUG devpinoyLogger:44 - $ is get as current currency
17:19:17,506 DEBUG devpinoyLogger:44 - $ is get as current currency
17:19:17,537 DEBUG devpinoyLogger:44 - $ is get as current currency
17:19:17,568 DEBUG devpinoyLogger:44 - $ is get as current currency
17:19:17,599 DEBUG devpinoyLogger:44 - $ is get as current currency
17:19:17,654 DEBUG devpinoyLogger:55 - Dropdown is expanded
17:19:17,725 DEBUG devpinoyLogger:57 - From high to low sort is chosen
17:19:22,021 DEBUG devpinoyLogger:72 - Displayed prices and discounts are compared
17:19:22,022 DEBUG devpinoyLogger:81 - The order of prices is checked
17:19:22,238 DEBUG devpinoyLogger:101 - Discounts are calculated
17:19:22,883 DEBUG devpinoyLogger:32 - The browser is left
